#
# A fatal error has been detected by the Java Runtime Environment:
#
#  EXCEPTION_ACCESS_VIOLATION (0xc0000005) at pc=0x0000000000000000, pid=2700, tid=0x000000000000051c
#
# JRE version: Java(TM) SE Runtime Environment (8.0_101-b13) (build 1.8.0_101-b13)
# Java VM: Java HotSpot(TM) 64-Bit Server VM (25.101-b13 mixed mode windows-amd64 compressed oops)
# Problematic frame:
# C  0x0000000000000000
#
# Failed to write core dump. Minidumps are not enabled by default on client versions of Windows
#
# If you would like to submit a bug report, please visit:
#   http://bugreport.java.com/bugreport/crash.jsp
# The crash happened outside the Java Virtual Machine in native code.
# See problematic frame for where to report the bug.
#

---------------  T H R E A D  ---------------

Current thread (0x000000001da2d800):  JavaThread "JDWP Command Reader" daemon [_thread_in_native, id=1308, stack(0x000000001e710000,0x000000001e810000)]

siginfo: ExceptionCode=0xc0000005, ExceptionInformation=0x0000000000000008 0x0000000000000000

Registers:
RAX=0x0000000012cf0158, RBX=0x0000000000000000, RCX=0x00000000000002d8, RDX=0x000000001e80f948
RSP=0x000000001e80f748, RBP=0x000000001e80f850, RSI=0x00000000ffffffff, RDI=0x00000000000002d8
R8 =0x0000000000000001, R9 =0x000000001e80f934, R10=0x00000000c0000008, R11=0x0000000000000246
R12=0x000000001e80f948, R13=0x000000001e80f930, R14=0x000000001e80f934, R15=0x0000000000000001
RIP=0x0000000000000000, EFLAGS=0x0000000000010246

Top of Stack: (sp=0x000000001e80f748)
0x000000001e80f748:   0000000180007431 00000000000002d8
0x000000001e80f758:   000000001e80f948 000000001d5115c0
0x000000001e80f768:   000000001e80f934 000000001e80f998
0x000000001e80f778:   0000000000000000 0000000000000000
0x000000001e80f788:   0000000002500ae0 000000001e80f930
0x000000001e80f798:   00000000771bdba8 0000000012cf12f0
0x000000001e80f7a8:   000000001e80f998 0000000000000000
0x000000001e80f7b8:   0000000002500ae0 000000001d5115c0
0x000000001e80f7c8:   0000000000000000 00000000643b9198
0x000000001e80f7d8:   0000000000000000 0000000000000007
0x000000001e80f7e8:   000000006b6dee88 0000000000000008
0x000000001e80f7f8:   0000000000000008 0000000000000000
0x000000001e80f808:   000000006dfc8d17 0000000000000002
0x000000001e80f818:   0000000000000008 000000001da2a040
0x000000001e80f828:   000000006b0e69bd 00000000021e6220
0x000000001e80f838:   000000006b0edfda 0000000000000007 

Instructions: (pc=0x0000000000000000)
0xffffffffffffffe0:   


Register to memory mapping:

RAX=0x0000000012cf0158 is an unknown value
RBX=0x0000000000000000 is an unknown value
RCX=0x00000000000002d8 is an unknown value
RDX=0x000000001e80f948 is pointing into the stack for thread: 0x000000001da2d800
RSP=0x000000001e80f748 is pointing into the stack for thread: 0x000000001da2d800
RBP=0x000000001e80f850 is pointing into the stack for thread: 0x000000001da2d800
RSI=0x00000000ffffffff is an unknown value
RDI=0x00000000000002d8 is an unknown value
R8 =0x0000000000000001 is an unknown value
R9 =0x000000001e80f934 is pointing into the stack for thread: 0x000000001da2d800
R10=0x00000000c0000008 is an unknown value
R11=0x0000000000000246 is an unknown value
R12=0x000000001e80f948 is pointing into the stack for thread: 0x000000001da2d800
R13=0x000000001e80f930 is pointing into the stack for thread: 0x000000001da2d800
R14=0x000000001e80f934 is pointing into the stack for thread: 0x000000001da2d800
R15=0x0000000000000001 is an unknown value


Stack: [0x000000001e710000,0x000000001e810000],  sp=0x000000001e80f748,  free space=1021k
Native frames: (J=compiled Java code, j=interpreted, Vv=VM code, C=native code)


---------------  P R O C E S S  ---------------

Java Threads: ( => current thread )
  0x000000001dac0800 JavaThread "Service Thread" daemon [_thread_blocked, id=4764, stack(0x000000001ed20000,0x000000001ee20000)]
  0x000000001da4c800 JavaThread "C1 CompilerThread2" daemon [_thread_blocked, id=4976, stack(0x000000001ebc0000,0x000000001ecc0000)]
  0x000000001da4a000 JavaThread "C2 CompilerThread1" daemon [_thread_blocked, id=5848, stack(0x000000001e350000,0x000000001e450000)]
  0x000000001da3d000 JavaThread "C2 CompilerThread0" daemon [_thread_blocked, id=2308, stack(0x000000001e900000,0x000000001ea00000)]
=>0x000000001da2d800 JavaThread "JDWP Command Reader" daemon [_thread_in_native, id=1308, stack(0x000000001e710000,0x000000001e810000)]
  0x000000001da2c800 JavaThread "JDWP Event Helper Thread" daemon [_thread_blocked, id=3800, stack(0x000000001e5a0000,0x000000001e6a0000)]
  0x000000001da22800 JavaThread "JDWP Transport Listener: dt_socket" daemon [_thread_blocked, id=2936, stack(0x000000001e490000,0x000000001e590000)]
  0x000000001c243800 JavaThread "Attach Listener" daemon [_thread_blocked, id=3732, stack(0x000000001d920000,0x000000001da20000)]
  0x000000001c22c800 JavaThread "Finalizer" daemon [_thread_blocked, id=5236, stack(0x000000001d580000,0x000000001d680000)]
  0x000000001c1e3800 JavaThread "Reference Handler" daemon [_thread_blocked, id=3876, stack(0x000000001d130000,0x000000001d230000)]

Other Threads:
  0x000000001c1dd800 VMThread [stack: 0x000000001d2e0000,0x000000001d3e0000] [id=2012]

VM state:at safepoint (normal execution)

VM Mutex/Monitor currently owned by a thread:  ([mutex/lock_event])
[0x000000000231ccb0] Threads_lock - owner thread: 0x000000001c1dd800
[0x000000000231d1b0] Heap_lock - owner thread: 0x000000000231f800

Heap:
 PSYoungGen      total 76288K, used 5243K [0x000000076af80000, 0x0000000770480000, 0x00000007c0000000)
  eden space 65536K, 8% used [0x000000076af80000,0x000000076b49ed38,0x000000076ef80000)
  from space 10752K, 0% used [0x000000076fa00000,0x000000076fa00000,0x0000000770480000)
  to   space 10752K, 0% used [0x000000076ef80000,0x000000076ef80000,0x000000076fa00000)
 ParOldGen       total 175104K, used 0K [0x00000006c0e00000, 0x00000006cb900000, 0x000000076af80000)
  object space 175104K, 0% used [0x00000006c0e00000,0x00000006c0e00000,0x00000006cb900000)
 Metaspace       used 2594K, capacity 4486K, committed 4864K, reserved 1056768K
  class space    used 289K, capacity 386K, committed 512K, reserved 1048576K

Card table byte_map: [0x0000000011d10000,0x0000000012510000] byte_map_base: 0x000000000e709000

Marking Bits: (ParMarkBitMap*) 0x000000006b6ea6d0
 Begin Bits: [0x00000000130c0000, 0x0000000017088000)
 End Bits:   [0x0000000017088000, 0x000000001b050000)

Polling page: 0x0000000000120000

CodeCache: size=245760Kb used=1100Kb max_used=1110Kb free=244659Kb
 bounds [0x0000000002950000, 0x0000000002bc0000, 0x0000000011950000]
 total_blobs=249 nmethods=25 adapters=146
 compilation: enabled

Compilation events (10 events):
Event: 0.417 Thread 0x000000001da4c800   22  s    3       java.lang.StringBuffer::append (13 bytes)
Event: 0.417 Thread 0x000000001da4c800 nmethod 22 0x0000000002a60a10 code [0x0000000002a60ba0, 0x0000000002a610a8]
Event: 0.417 Thread 0x000000001da4c800   21       3       java.lang.String::getChars (62 bytes)
Event: 0.417 Thread 0x000000001da4c800 nmethod 21 0x0000000002a61310 code [0x0000000002a614e0, 0x0000000002a61998]
Event: 0.417 Thread 0x000000001da4c800   23       3       java.lang.String::indexOf (7 bytes)
Event: 0.417 Thread 0x000000001da3d000   25       4       java.lang.String::charAt (29 bytes)
Event: 0.418 Thread 0x000000001da4c800 nmethod 23 0x0000000002a61c50 code [0x0000000002a61dc0, 0x0000000002a61fe8]
Event: 0.418 Thread 0x000000001da4c800   24       3       java.lang.AbstractStringBuilder::append (50 bytes)
Event: 0.418 Thread 0x000000001da4c800 nmethod 24 0x0000000002a62090 code [0x0000000002a62220, 0x0000000002a62748]
Event: 0.418 Thread 0x000000001da3d000 nmethod 25 0x0000000002a65650 code [0x0000000002a657a0, 0x0000000002a65898]

GC Heap History (0 events):
No events

Deoptimization events (0 events):
No events

Internal exceptions (2 events):
Event: 0.102 Thread 0x000000000231f800 Exception <a 'java/lang/NoSuchMethodError': Method sun.misc.Unsafe.defineClass(Ljava/lang/String;[BII)Ljava/lang/Class; name or signature does not match> (0x000000076af87cc0) thrown at [C:\re\workspace\8-2-build-windows-amd64-cygwin\jdk8u101\7261\hotspot\sz¬ßlL=º?
Event: 0.102 Thread 0x000000000231f800 Exception <a 'java/lang/NoSuchMethodError': Method sun.misc.Unsafe.prefetchRead(Ljava/lang/Object;J)V name or signature does not match> (0x000000076af87fa8) thrown at [C:\re\workspace\8-2-build-windows-amd64-cygwin\jdk8u101\7261\hotspot\src\share\vm\prims\

Events (10 events):
Event: 93.212 Executing VM operation: GetOrSetLocal
Event: 93.212 Executing VM operation: GetOrSetLocal done
Event: 95.185 Thread 0x000000000231f800 Thread exited: 0x000000000231f800
Event: 95.185 Thread 0x000000000231f800 Thread added: 0x000000000231f800
Event: 95.185 loading class java/lang/Shutdown
Event: 95.185 loading class java/lang/Shutdown done
Event: 95.186 loading class java/lang/Shutdown$Lock
Event: 95.186 loading class java/lang/Shutdown$Lock done
Event: 95.187 Thread 0x000000001c24f800 Thread exited: 0x000000001c24f800
Event: 95.188 Thread 0x000000000231f800 Thread exited: 0x000000000231f800


Dynamic libraries:
0x000000013f4c0000 - 0x000000013f4f7000 	C:\Program Files\Java\jre1.8.0_101\bin\javaw.exe
0x0000000077170000 - 0x000000007731a000 	C:\Windows\SYSTEM32\ntdll.dll
0x0000000077050000 - 0x000000007716f000 	C:\Windows\system32\kernel32.dll
0x000007fefd160000 - 0x000007fefd1ca000 	C:\Windows\system32\KERNELBASE.dll
0x000007fefefd0000 - 0x000007feff0ab000 	C:\Windows\system32\ADVAPI32.dll
0x000007fefd530000 - 0x000007fefd5cf000 	C:\Windows\system32\msvcrt.dll
0x000007feff460000 - 0x000007feff47f000 	C:\Windows\SYSTEM32\sechost.dll
0x000007fefeea0000 - 0x000007fefefcd000 	C:\Windows\system32\RPCRT4.dll
0x0000000076f50000 - 0x000000007704a000 	C:\Windows\system32\USER32.dll
0x000007feff0b0000 - 0x000007feff117000 	C:\Windows\system32\GDI32.dll
0x000007fefd410000 - 0x000007fefd41e000 	C:\Windows\system32\LPK.dll
0x000007fefdc40000 - 0x000007fefdd0a000 	C:\Windows\system32\USP10.dll
0x000007fefb940000 - 0x000007fefbb34000 	C:\Windows\WinSxS\amd64_microsoft.windows.common-controls_6595b64144ccf1df_6.0.7601.23403_none_e36ad4593102f066\COMCTL32.dll
0x000007feff3b0000 - 0x000007feff421000 	C:\Windows\system32\SHLWAPI.dll
0x000007fefd2b0000 - 0x000007fefd2de000 	C:\Windows\system32\IMM32.DLL
0x000007fefd420000 - 0x000007fefd529000 	C:\Windows\system32\MSCTF.dll
0x000000006df60000 - 0x000000006e032000 	C:\Program Files\Java\jre1.8.0_101\bin\msvcr100.dll
0x000000006aed0000 - 0x000000006b76a000 	C:\Program Files\Java\jre1.8.0_101\bin\server\jvm.dll
0x000007feea1e0000 - 0x000007feea1e9000 	C:\Windows\system32\WSOCK32.dll
0x000007fefd3c0000 - 0x000007fefd40d000 	C:\Windows\system32\WS2_32.dll
0x000007feff430000 - 0x000007feff438000 	C:\Windows\system32\NSI.dll
0x000007fef91f0000 - 0x000007fef922b000 	C:\Windows\system32\WINMM.dll
0x000007fefc0b0000 - 0x000007fefc0bc000 	C:\Windows\system32\VERSION.dll
0x0000000077330000 - 0x0000000077337000 	C:\Windows\system32\PSAPI.DLL
0x0000000073640000 - 0x000000007364f000 	C:\Program Files\Java\jre1.8.0_101\bin\verify.dll
0x0000000073610000 - 0x0000000073639000 	C:\Program Files\Java\jre1.8.0_101\bin\java.dll
0x0000000064390000 - 0x00000000643c5000 	C:\Program Files\Java\jre1.8.0_101\bin\jdwp.dll
0x000000006da70000 - 0x000000006da78000 	C:\Program Files\Java\jre1.8.0_101\bin\npt.dll
0x00000000735f0000 - 0x0000000073606000 	C:\Program Files\Java\jre1.8.0_101\bin\zip.dll
0x000007fefdd10000 - 0x000007fefea9c000 	C:\Windows\system32\SHELL32.dll
0x000007fefd5d0000 - 0x000007fefd7d3000 	C:\Windows\system32\ole32.dll
0x000007fefcf00000 - 0x000007fefcf0f000 	C:\Windows\system32\profapi.dll
0x000000006d1f0000 - 0x000000006d1f9000 	C:\Program Files\Java\jre1.8.0_101\bin\dt_socket.dll
0x000007fefa780000 - 0x000007fefa795000 	C:\Windows\system32\NLAapi.dll
0x000007fee7ea0000 - 0x000007fee7eb5000 	C:\Windows\system32\napinsp.dll
0x000007fee7e80000 - 0x000007fee7e99000 	C:\Windows\system32\pnrpnsp.dll
0x000007fefc6d0000 - 0x000007fefc725000 	C:\Windows\System32\mswsock.dll
0x000007fefc550000 - 0x000007fefc5ab000 	C:\Windows\system32\DNSAPI.dll
0x000007fee7e70000 - 0x000007fee7e7b000 	C:\Windows\System32\winrnr.dll
0x000007fefa640000 - 0x000007fefa667000 	C:\Windows\system32\IPHLPAPI.DLL
0x000007fefa620000 - 0x000007fefa62b000 	C:\Windows\system32\WINNSI.DLL
0x000007fefa4a0000 - 0x000007fefa4f3000 	C:\Windows\System32\fwpuclnt.dll
0x000007fef9f10000 - 0x000007fef9f18000 	C:\Windows\system32\rasadhlp.dll
0x0000000180000000 - 0x0000000180024000 	C:\Program Files (x86)\Common Files\NSL\nslsp64.dll
0x000007fefc090000 - 0x000007fefc097000 	C:\Windows\System32\wshtcpip.dll
0x000007fef85d0000 - 0x000007fef86f5000 	C:\Windows\system32\dbghelp.dll

VM Arguments:
jvm_args: -agentlib:jdwp=transport=dt_socket,suspend=y,address=localhost:1619 -Dfile.encoding=Cp1254 
java_command: com.vektorel.setget.WebSitesi
java_class_path (initial): D:\MustafaHoca\EclipseWorkspace\FirstProject\bin
Launcher Type: SUN_STANDARD

Environment Variables:
PATH=C:/Program Files/Java/jre1.8.0_101/bin/server;C:/Program Files/Java/jre1.8.0_101/bin;C:/Program Files/Java/jre1.8.0_101/lib/amd64;C:\ProgramData\Oracle\Java\javapath;C:\Program Files\Java\jdk1.7.0_79\bin;C:\Program Files (x86)\Microsoft SDKs\TypeScript\1.0\;C:\Program Files (x86)\Windows Kits\8.1\Windows Performance Toolkit\;C:\Program Files\Microsoft SQL Server\120\Tools\Binn\;C:\Program Files\Microsoft SQL Server\Client SDK\ODBC\110\Tools\Binn\;C:\Program Files (x86)\Microsoft SQL Server\120\Tools\Binn\;C:\Program Files\Microsoft SQL Server\120\DTS\Binn\;C:\Program Files (x86)\Microsoft SQL Server\120\Tools\Binn\ManagementStudio\;C:\Program Files (x86)\Microsoft SQL Server\120\DTS\Binn\;C:\Program Files (x86)\NVIDIA Corporation\PhysX\Common;C:\Program Files (x86)\eclipse;
USERNAME=vektorel
OS=Windows_NT
PROCESSOR_IDENTIFIER=Intel64 Family 6 Model 60 Stepping 3, GenuineIntel



---------------  S Y S T E M  ---------------

OS: Windows 7 , 64 bit Build 7601 (6.1.7601.23418)

CPU:total 4 (4 cores per cpu, 1 threads per core) family 6 model 60 stepping 3, cmov, cx8, fxsr, mmx, sse, sse2, sse3, ssse3, sse4.1, sse4.2, popcnt, avx, avx2, aes, clmul, erms, lzcnt, tsc, tscinvbit, bmi1, bmi2

Memory: 4k page, physical 16713596k(13016012k free), swap 33425332k(28021864k free)

vm_info: Java HotSpot(TM) 64-Bit Server VM (25.101-b13) for windows-amd64 JRE (1.8.0_101-b13), built on Jun 22 2016 01:21:29 by "java_re" with MS VC++ 10.0 (VS2010)

time: Sat Jan 07 16:39:45 2017
elapsed time: 95 seconds (0d 0h 1m 35s)

